SERVER_HANDSHAKE_TRAFFIC_SECRET 691d469be736c46b7850f9e8d4c1fdfbd0ccfffb8f4dca42eb99ba655cface57 79b5d3d027dd059e9bf7cd75fc26428e75c34faad9f36ed73f4059363c7dd29d43f2e4a044d0c56c92ec0917c7a03bbd
EXPORTER_SECRET 691d469be736c46b7850f9e8d4c1fdfbd0ccfffb8f4dca42eb99ba655cface57 c47e9dc774fc6e67f5b4fe4866b8f799f4f64acabf762cbdd79cbd9c144fd4ff553d41c934dab0f4df0e713d5f454cb9
SERVER_TRAFFIC_SECRET_0 691d469be736c46b7850f9e8d4c1fdfbd0ccfffb8f4dca42eb99ba655cface57 3db332527c365b24f51c4c655cdf9fe913d38e9baf5b2df6da48742d13792206b903bec786a74b57526acdd501412c93
CLIENT_HANDSHAKE_TRAFFIC_SECRET 691d469be736c46b7850f9e8d4c1fdfbd0ccfffb8f4dca42eb99ba655cface57 21997af05c04e767122328fb14f9476da7c763cd4a9b7cadbe61d31f7f7bd557a8af935466b9b3cac482f5dcda6db5f4
CLIENT_TRAFFIC_SECRET_0 691d469be736c46b7850f9e8d4c1fdfbd0ccfffb8f4dca42eb99ba655cface57 335be2810785f6f3fb6a89a2f312f9714a19209df248085fa2b5fc4981123445518ac7dc42ad32b62e9d1c8646bbc1ff
SERVER_HANDSHAKE_TRAFFIC_SECRET eeeb8ede76de0a87af76fe84c16e98df6c6463cebf522476819af876313d6ed9 b3d3953308454172a8bd10c5db3d50296cf7a78ec04c8fab7c635fffe1adbfaab4f0da219598610e44c00a7fe3274843
EXPORTER_SECRET eeeb8ede76de0a87af76fe84c16e98df6c6463cebf522476819af876313d6ed9 316ebe2ead4010a3cf02ba8fdaf22542ab5f4b86ec1f247c886c13cdc272bf1e05069c194b3134495ee336f2682da25c
SERVER_TRAFFIC_SECRET_0 eeeb8ede76de0a87af76fe84c16e98df6c6463cebf522476819af876313d6ed9 f9b1384cbf510c91106e0be4e560fb96696e71d8e2965ae9e6c1fa87282d794ef34c7ce266f3f5008d0830d55c53b3cd
CLIENT_HANDSHAKE_TRAFFIC_SECRET eeeb8ede76de0a87af76fe84c16e98df6c6463cebf522476819af876313d6ed9 eb76e5065356180149e244d17e437eeb38bcff894f32351b3f1a095ad80b98af4f1bc6f09d6352ca53e4cbb0f030c9d2
CLIENT_TRAFFIC_SECRET_0 eeeb8ede76de0a87af76fe84c16e98df6c6463cebf522476819af876313d6ed9 672acec6529229093b0dd95dac33f14369c1922023cb17c5fc2434e9726dd41d56b167a6b31a081a8b319f0104ee717d
SERVER_HANDSHAKE_TRAFFIC_SECRET 62f0241491652c42dd22f49a093b687ad81453bc75e1d2317d37f98f5847e200 c116245298bdc912b8af970766c7232620cb3c5efef0b6066e88693c7df8b0806dc754a3da6f2a4e01309b76ad8c6465
EXPORTER_SECRET 62f0241491652c42dd22f49a093b687ad81453bc75e1d2317d37f98f5847e200 a36551862f4772acd5419504ea78585d6d7d369431cc449adab715e9d9b1f2f2d69cb6528c0c87ad17680e8b15b38be5
SERVER_TRAFFIC_SECRET_0 62f0241491652c42dd22f49a093b687ad81453bc75e1d2317d37f98f5847e200 aed36aeecf6c16338dce7c31680bd47dfdd684d3882f3cfd6a074b47a0fbd60f8000c40c71aae993f54c2436821cc2c1
CLIENT_HANDSHAKE_TRAFFIC_SECRET 62f0241491652c42dd22f49a093b687ad81453bc75e1d2317d37f98f5847e200 379b8d768c9e84a3ee9478500a4b001f7bc22dac23ef1310e612eb6bf9c416b819d41fd62cbe75a909654d307ca36264
CLIENT_TRAFFIC_SECRET_0 62f0241491652c42dd22f49a093b687ad81453bc75e1d2317d37f98f5847e200 475af3c68126f54dee317800b5b93fc774651945892463b6cfca2eea9047a160d83640692fdc5edac63ab0d5f49ed860
SERVER_HANDSHAKE_TRAFFIC_SECRET 55a3cce088f07d92106dbcb5fe16c2ea7a6a904b40b0934d54e001ad8f24eab0 6cc7022e23d71614051693391c42ce21e1342623fa0dbfec95caf6c4b8e9987b5a7782b1181e7ff682f13355ce9862ee
EXPORTER_SECRET 55a3cce088f07d92106dbcb5fe16c2ea7a6a904b40b0934d54e001ad8f24eab0 51a32ef6829ff40063896241a3905a8d806afecb6765a60270b5219140badb9a38b0bc3be5c6a041a0225faf17c65946
SERVER_TRAFFIC_SECRET_0 55a3cce088f07d92106dbcb5fe16c2ea7a6a904b40b0934d54e001ad8f24eab0 5a411bec2c58378d35aec25a1dc434bc76c8b84b41f2b97103a92b47cf0131e7e35cc9ea5b1889ea4fdae0e722315ac9
CLIENT_HANDSHAKE_TRAFFIC_SECRET 55a3cce088f07d92106dbcb5fe16c2ea7a6a904b40b0934d54e001ad8f24eab0 3dfa06aac01973995a51c3217792d4772f698e8f899de5e77103fc9802a6e77c99c80334cb125075cc98878c59191e2f
CLIENT_TRAFFIC_SECRET_0 55a3cce088f07d92106dbcb5fe16c2ea7a6a904b40b0934d54e001ad8f24eab0 7533f4df414f50831e0619ddf6d7dc2ca7e4890f681e722928e00a421f25715f72c73951a5373c67f856c766c5ee50b5
